<?xml version="1.0" encoding="UTF-8"?>
<testsuite xmlns:xsi="http://www.w3.org/2001/XMLSchema-instance" xsi:noNamespaceSchemaLocation="https://maven.apache.org/surefire/maven-surefire-plugin/xsd/surefire-test-report-3.0.xsd" version="3.0" name="isstrobogrammic.isStrobogrammicCATest" time="0.774" tests="74" errors="0" skipped="0" failures="0">
  <properties>
[...]
</properties>
  <testcase name="testSingleInvalidStrobogrammicDigitReturnsFalse(String)[1]" classname="isstrobogrammic.isStrobogrammicCATest" time="0.08"/>
  <testcase name="testSingleInvalidStrobogrammicDigitReturnsFalse(String)[2]" classname="isstrobogrammic.isStrobogrammicCATest" time="0.002"/>
  <testcase name="testSingleInvalidStrobogrammicDigitReturnsFalse(String)[3]" classname="isstrobogrammic.isStrobogrammicCATest" time="0.004"/>
  <testcase name="testSingleInvalidStrobogrammicDigitReturnsFalse(String)[4]" classname="isstrobogrammic.isStrobogrammicCATest" time="0.004"/>
  <testcase name="testSingleInvalidStrobogrammicDigitReturnsFalse(String)[5]" classname="isstrobogrammic.isStrobogrammicCATest" time="0.003"/>
  <testcase name="testBoundaryValues(String, boolean)[1]" classname="isstrobogrammic.isStrobogrammicCATest" time="0.008"/>
  <testcase name="testBoundaryValues(String, boolean)[2]" classname="isstrobogrammic.isStrobogrammicCATest" time="0.002"/>
  <testcase name="testBoundaryValues(String, boolean)[3]" classname="isstrobogrammic.isStrobogrammicCATest" time="0.004"/>
  <testcase name="testBoundaryValues(String, boolean)[4]" classname="isstrobogrammic.isStrobogrammicCATest" time="0.002"/>
  <testcase name="testBoundaryValues(String, boolean)[5]" classname="isstrobogrammic.isStrobogrammicCATest" time="0.002"/>
  <testcase name="testBoundaryValues(String, boolean)[6]" classname="isstrobogrammic.isStrobogrammicCATest" time="0.003"/>
  <testcase name="testBoundaryValues(String, boolean)[7]" classname="isstrobogrammic.isStrobogrammicCATest" time="0.002"/>
  <testcase name="testBoundaryValues(String, boolean)[8]" classname="isstrobogrammic.isStrobogrammicCATest" time="0.002"/>
  <testcase name="testBoundaryValues(String, boolean)[9]" classname="isstrobogrammic.isStrobogrammicCATest" time="0.001"/>
  <testcase name="testBoundaryValues(String, boolean)[10]" classname="isstrobogrammic.isStrobogrammicCATest" time="0.003"/>
  <testcase name="testBoundaryValues(String, boolean)[11]" classname="isstrobogrammic.isStrobogrammicCATest" time="0.003"/>
  <testcase name="testBoundaryValues(String, boolean)[12]" classname="isstrobogrammic.isStrobogrammicCATest" time="0.002"/>
  <testcase name="testBoundaryValues(String, boolean)[13]" classname="isstrobogrammic.isStrobogrammicCATest" time="0.002"/>
  <testcase name="testBoundaryValues(String, boolean)[14]" classname="isstrobogrammic.isStrobogrammicCATest" time="0.001"/>
  <testcase name="testBoundaryValues(String, boolean)[15]" classname="isstrobogrammic.isStrobogrammicCATest" time="0.001"/>
  <testcase name="testBoundaryValues(String, boolean)[16]" classname="isstrobogrammic.isStrobogrammicCATest" time="0.003"/>
  <testcase name="testSingleValidStrobogrammicDigitReturnsTrue(String)[1]" classname="isstrobogrammic.isStrobogrammicCATest" time="0.003"/>
  <testcase name="testSingleValidStrobogrammicDigitReturnsTrue(String)[2]" classname="isstrobogrammic.isStrobogrammicCATest" time="0.002"/>
  <testcase name="testSingleValidStrobogrammicDigitReturnsTrue(String)[3]" classname="isstrobogrammic.isStrobogrammicCATest" time="0.002"/>
  <testcase name="testInvalidStrobogrammicNumbers(String)[1]" classname="isstrobogrammic.isStrobogrammicCATest" time="0.003"/>
  <testcase name="testInvalidStrobogrammicNumbers(String)[2]" classname="isstrobogrammic.isStrobogrammicCATest" time="0.002"/>
  <testcase name="testInvalidStrobogrammicNumbers(String)[3]" classname="isstrobogrammic.isStrobogrammicCATest" time="0.002"/>
  <testcase name="testInvalidStrobogrammicNumbers(String)[4]" classname="isstrobogrammic.isStrobogrammicCATest" time="0.002"/>
  <testcase name="testInvalidStrobogrammicNumbers(String)[5]" classname="isstrobogrammic.isStrobogrammicCATest" time="0.003"/>
  <testcase name="testInvalidStrobogrammicNumbers(String)[6]" classname="isstrobogrammic.isStrobogrammicCATest" time="0.002"/>
  <testcase name="testInvalidStrobogrammicNumbers(String)[7]" classname="isstrobogrammic.isStrobogrammicCATest" time="0.004"/>
  <testcase name="testInvalidStrobogrammicNumbers(String)[8]" classname="isstrobogrammic.isStrobogrammicCATest" time="0.003"/>
  <testcase name="testInvalidStrobogrammicNumbers(String)[9]" classname="isstrobogrammic.isStrobogrammicCATest" time="0.002"/>
  <testcase name="testInvalidStrobogrammicNumbers(String)[10]" classname="isstrobogrammic.isStrobogrammicCATest" time="0.002"/>
  <testcase name="testInvalidStrobogrammicNumbers(String)[11]" classname="isstrobogrammic.isStrobogrammicCATest" time="0.002"/>
  <testcase name="testInvalidStrobogrammicNumbers(String)[12]" classname="isstrobogrammic.isStrobogrammicCATest" time="0.028"/>
  <testcase name="testInvalidStrobogrammicNumbers(String)[13]" classname="isstrobogrammic.isStrobogrammicCATest" time="0.051"/>
  <testcase name="testValidStrobogrammicNumbers(String)[1]" classname="isstrobogrammic.isStrobogrammicCATest" time="0.002"/>
  <testcase name="testValidStrobogrammicNumbers(String)[2]" classname="isstrobogrammic.isStrobogrammicCATest" time="0.005"/>
  <testcase name="testValidStrobogrammicNumbers(String)[3]" classname="isstrobogrammic.isStrobogrammicCATest" time="0.015"/>
  <testcase name="testValidStrobogrammicNumbers(String)[4]" classname="isstrobogrammic.isStrobogrammicCATest" time="0.014"/>
  <testcase name="testValidStrobogrammicNumbers(String)[5]" classname="isstrobogrammic.isStrobogrammicCATest" time="0.002"/>
  <testcase name="testValidStrobogrammicNumbers(String)[6]" classname="isstrobogrammic.isStrobogrammicCATest" time="0.001"/>
  <testcase name="testValidStrobogrammicNumbers(String)[7]" classname="isstrobogrammic.isStrobogrammicCATest" time="0.003"/>
  <testcase name="testValidStrobogrammicNumbers(String)[8]" classname="isstrobogrammic.isStrobogrammicCATest" time="0.001"/>
  <testcase name="testValidStrobogrammicNumbers(String)[9]" classname="isstrobogrammic.isStrobogrammicCATest" time="0.004"/>
  <testcase name="testValidStrobogrammicNumbers(String)[10]" classname="isstrobogrammic.isStrobogrammicCATest" time="0.002"/>
  <testcase name="testValidStrobogrammicNumbers(String)[11]" classname="isstrobogrammic.isStrobogrammicCATest" time="0.007"/>
  <testcase name="testValidStrobogrammicNumbers(String)[12]" classname="isstrobogrammic.isStrobogrammicCATest" time="0.001"/>
  <testcase name="testValidStrobogrammicNumbers(String)[13]" classname="isstrobogrammic.isStrobogrammicCATest" time="0.002"/>
  <testcase name="testValidStrobogrammicNumbers(String)[14]" classname="isstrobogrammic.isStrobogrammicCATest" time="0.004"/>
  <testcase name="testNullOrEmptyInputReturnsTrue(String)[1]" classname="isstrobogrammic.isStrobogrammicCATest" time="0.004"/>
  <testcase name="testNullOrEmptyInputReturnsTrue(String)[2]" classname="isstrobogrammic.isStrobogrammicCATest" time="0.002"/>
  <testcase name="testEquivalencePartitions(String, boolean)[1]" classname="isstrobogrammic.isStrobogrammicCATest" time="0.002"/>
  <testcase name="testEquivalencePartitions(String, boolean)[2]" classname="isstrobogrammic.isStrobogrammicCATest" time="0.002"/>
  <testcase name="testEquivalencePartitions(String, boolean)[3]" classname="isstrobogrammic.isStrobogrammicCATest" time="0.001"/>
  <testcase name="testEquivalencePartitions(String, boolean)[4]" classname="isstrobogrammic.isStrobogrammicCATest" time="0.002"/>
  <testcase name="testEquivalencePartitions(String, boolean)[5]" classname="isstrobogrammic.isStrobogrammicCATest" time="0.002"/>
  <testcase name="testEquivalencePartitions(String, boolean)[6]" classname="isstrobogrammic.isStrobogrammicCATest" time="0.003"/>
  <testcase name="testEquivalencePartitions(String, boolean)[7]" classname="isstrobogrammic.isStrobogrammicCATest" time="0.002"/>
  <testcase name="testEquivalencePartitions(String, boolean)[8]" classname="isstrobogrammic.isStrobogrammicCATest" time="0.002"/>
  <testcase name="testNonDigitInputReturnsFalse(String)[1]" classname="isstrobogrammic.isStrobogrammicCATest" time="0.001"/>
  <testcase name="testNonDigitInputReturnsFalse(String)[2]" classname="isstrobogrammic.isStrobogrammicCATest" time="0.002"/>
  <testcase name="testNonDigitInputReturnsFalse(String)[3]" classname="isstrobogrammic.isStrobogrammicCATest" time="0.001"/>
  <testcase name="testNonDigitInputReturnsFalse(String)[4]" classname="isstrobogrammic.isStrobogrammicCATest" time="0.001"/>
  <testcase name="testNonDigitInputReturnsFalse(String)[5]" classname="isstrobogrammic.isStrobogrammicCATest" time="0.001"/>
  <testcase name="testNonDigitInputReturnsFalse(String)[6]" classname="isstrobogrammic.isStrobogrammicCATest" time="0.002"/>
  <testcase name="testLeadingTrailingZeros(String, boolean)[1]" classname="isstrobogrammic.isStrobogrammicCATest" time="0.003"/>
  <testcase name="testLeadingTrailingZeros(String, boolean)[2]" classname="isstrobogrammic.isStrobogrammicCATest" time="0.002"/>
  <testcase name="testLeadingTrailingZeros(String, boolean)[3]" classname="isstrobogrammic.isStrobogrammicCATest" time="0.002"/>
  <testcase name="testLeadingTrailingZeros(String, boolean)[4]" classname="isstrobogrammic.isStrobogrammicCATest" time="0.002"/>
  <testcase name="testLeadingTrailingZeros(String, boolean)[5]" classname="isstrobogrammic.isStrobogrammicCATest" time="0.001"/>
  <testcase name="testLeadingTrailingZeros(String, boolean)[6]" classname="isstrobogrammic.isStrobogrammicCATest" time="0.001"/>
  <testcase name="testLeadingTrailingZeros(String, boolean)[7]" classname="isstrobogrammic.isStrobogrammicCATest" time="0.002"/>
</testsuite>