<?xml version="1.0" encoding="UTF-8"?>
<testsuite xmlns:xsi="http://www.w3.org/2001/XMLSchema-instance" xsi:noNamespaceSchemaLocation="https://maven.apache.org/surefire/maven-surefire-plugin/xsd/surefire-test-report-3.0.xsd" version="3.0" name="isprime.IsPrimeCATest" time="6.03" tests="6" errors="0" skipped="0" failures="0">
  <properties>
[...]
</properties>
  <testcase name="testBoundaryValues(String[], boolean)[1]" classname="isprime.IsPrimeCATest" time="0.057"/>
  <testcase name="testBoundaryValues(String[], boolean)[2]" classname="isprime.IsPrimeCATest" time="0.003"/>
  <testcase name="testBoundaryValues(String[], boolean)[3]" classname="isprime.IsPrimeCATest" time="0.002"/>
  <testcase name="testBoundaryValues(String[], boolean)[4]" classname="isprime.IsPrimeCATest" time="0.003"/>
  <testcase name="testBoundaryValues(String[], boolean)[5]" classname="isprime.IsPrimeCATest" time="5.768"/>
  <testcase name="testNullArgsThrowsMissingArgumentException" classname="isprime.IsPrimeCATest" time="0.002"/>
</testsuite>